Using pre-set license
Built from '2020.3/staging' branch; Version is '2020.3.22f1 (e1a7f79fd887) revision 14788599'; Using compiler version '192528614'; Build Type 'Release'
OS: 'Windows 10 Home; OS build 19042.1348; Version 2009; 64bit' Language: 'en' Physical Memory: 32634 MB
BatchMode: 1, IsHumanControllingUs: 0, StartBugReporterOnCrash: 0, Is64bit: 1, IsPro: 0

COMMAND LINE ARGUMENTS:
D:\Unity Saves\2020.3.22f1\Editor\Unity.exe
-adb2
-batchMode
-noUpm
-name
AssetImportWorker0
-projectPath
D:/Unity/AR Foundations Lab
-logFile
Logs/AssetImportWorker0.log
-srvPort
53893
Successfully changed project path to: D:/Unity/AR Foundations Lab
D:/Unity/AR Foundations Lab
Using Asset Import Pipeline V2.
Refreshing native plugins compatible for Editor in 45.22 ms, found 2 plugins.
Preloading 0 native plugins for Editor in 0.00 ms.
Initialize engine version: 2020.3.22f1 (e1a7f79fd887)
[Subsystems] Discovering subsystems at path D:/Unity Saves/2020.3.22f1/Editor/Data/Resources/UnitySubsystems
[Subsystems] Discovering subsystems at path D:/Unity/AR Foundations Lab/Assets
GfxDevice: creating device client; threaded=0
Direct3D:
    Version:  Direct3D 11.0 [level 11.1]
    Renderer: NVIDIA GeForce RTX 3060 (ID=0x2504)
    Vendor:   
    VRAM:     12143 MB
    Driver:   30.0.14.7168
Initialize mono
Mono path[0] = 'D:/Unity Saves/2020.3.22f1/Editor/Data/Managed'
Mono path[1] = 'D:/Unity Saves/2020.3.22f1/Editor/Data/MonoBleedingEdge/lib/mono/unityjit'
Mono config path = 'D:/Unity Saves/2020.3.22f1/Editor/Data/MonoBleedingEdge/etc'
Using monoOptions --debugger-agent=transport=dt_socket,embedding=1,server=y,suspend=n,address=127.0.0.1:56892
Begin MonoManager ReloadAssembly
Registering precompiled unity dll's ...
Register platform support module: D:/Unity Saves/2020.3.22f1/Editor/Data/PlaybackEngines/WindowsStandaloneSupport/UnityEditor.WindowsStandalone.Extensions.dll
Registered in 0.000959 seconds.
Native extension for WindowsStandalone target not found
Refreshing native plugins compatible for Editor in 28.33 ms, found 2 plugins.
Preloading 0 native plugins for Editor in 0.00 ms.
Mono: successfully reloaded assembly
- Completed reload, in  1.643 seconds
Domain Reload Profiling:
	ReloadAssembly (1644ms)
		BeginReloadAssembly (53ms)
			ExecutionOrderSort (0ms)
			DisableScriptedObjects (0ms)
			BackupInstance (0ms)
			ReleaseScriptingObjects (0ms)
			CreateAndSetChildDomain (1ms)
		EndReloadAssembly (499ms)
			LoadAssemblies (52ms)
			RebuildTransferFunctionScriptingTraits (0ms)
			SetupTypeCache (169ms)
			ReleaseScriptCaches (0ms)
			RebuildScriptCaches (27ms)
			SetupLoadedEditorAssemblies (151ms)
				LogAssemblyErrors (0ms)
				InitializePlatformSupportModulesInManaged (3ms)
				SetLoadedEditorAssemblies (0ms)
				RefreshPlugins (28ms)
				BeforeProcessingInitializeOnLoad (12ms)
				ProcessInitializeOnLoadAttributes (82ms)
				ProcessInitializeOnLoadMethodAttributes (26ms)
				AfterProcessingInitializeOnLoad (0ms)
				EditorAssembliesLoaded (0ms)
			ExecutionOrderSort2 (0ms)
			AwakeInstancesAfterBackupRestoration (0ms)
Platform modules already initialized, skipping
Registering precompiled user dll's ...
Registered in 0.002667 seconds.
Begin MonoManager ReloadAssembly
Native extension for WindowsStandalone target not found
Refreshing native plugins compatible for Editor in 0.77 ms, found 2 plugins.
Preloading 0 native plugins for Editor in 0.00 ms.
Mono: successfully reloaded assembly
- Completed reload, in  1.592 seconds
Domain Reload Profiling:
	ReloadAssembly (1592ms)
		BeginReloadAssembly (251ms)
			ExecutionOrderSort (0ms)
			DisableScriptedObjects (4ms)
			BackupInstance (0ms)
			ReleaseScriptingObjects (0ms)
			CreateAndSetChildDomain (15ms)
		EndReloadAssembly (1205ms)
			LoadAssemblies (236ms)
			RebuildTransferFunctionScriptingTraits (0ms)
			SetupTypeCache (439ms)
			ReleaseScriptCaches (1ms)
			RebuildScriptCaches (90ms)
			SetupLoadedEditorAssemblies (375ms)
				LogAssemblyErrors (0ms)
				InitializePlatformSupportModulesInManaged (9ms)
				SetLoadedEditorAssemblies (1ms)
				RefreshPlugins (1ms)
				BeforeProcessingInitializeOnLoad (121ms)
				ProcessInitializeOnLoadAttributes (230ms)
				ProcessInitializeOnLoadMethodAttributes (10ms)
				AfterProcessingInitializeOnLoad (2ms)
				EditorAssembliesLoaded (0ms)
			ExecutionOrderSort2 (0ms)
			AwakeInstancesAfterBackupRestoration (8ms)
Platform modules already initialized, skipping
========================================================================
Worker process is ready to serve import requests
Launched and connected shader compiler UnityShaderCompiler.exe after 0.08 seconds
Refreshing native plugins compatible for Editor in 0.38 ms, found 2 plugins.
Preloading 0 native plugins for Editor in 0.00 ms.
Unloading 1835 Unused Serialized files (Serialized files now loaded: 0)
System memory in use before: 78.7 MB.
System memory in use after: 78.8 MB.

Unloading 20 unused Assets to reduce memory usage. Loaded Objects now: 2268.
Total: 3.722600 ms (FindLiveObjects: 0.270200 ms CreateObjectMapping: 0.102400 ms MarkObjects: 3.263700 ms  DeleteObjects: 0.084900 ms)

AssetImportParameters requested are different than current active one (requested -> active):
  custom:framework-win-MediaFoundation: 216162199b28c13a410421893ffa2e32 -> 
  custom:video-decoder-ogg-theora: a1e56fd34408186e4bbccfd4996cb3dc -> 
  custom:container-muxer-webm: aa71ff27fc2769a1b78a27578f13a17b -> 
  custom:container-demuxer-webm: 4f35f7cbe854078d1ac9338744f61a02 -> 
  custom:container-demuxer-ogg: 62fdf1f143b41e24485cea50d1cbac27 -> 
  custom:video-encoder-webm-vp8: eb34c28f22e8b96e1ab97ce403110664 -> 
  custom:video-codec-MediaFoundation-h265: 746d11721c4dcdbdad8f713fa42b33f4 -> 
  custom:video-decoder-webm-vp8: 9c59270c3fd7afecdb556c50c9e8de78 -> 
  custom:audio-decoder-ogg-vorbis: bf7c407c2cedff20999df2af8eb42d56 -> 
  custom:audio-encoder-webm-vorbis: bf7c407c2cedff20999df2af8eb42d56 -> 
========================================================================
Received Import Request.
  path: Assets/Scenes/AR Ready Scene.unity
  artifactKey: Guid(40208ff8f3c79f945b97bcf927763bb0) Importer(815301076,1909f56bfc062723c751e8b465ee728b)
Start importing Assets/Scenes/AR Ready Scene.unity using Guid(40208ff8f3c79f945b97bcf927763bb0) Importer(815301076,1909f56bfc062723c751e8b465ee728b)  -> (artifact id: '62de2ac5d3166a159227ffa34848de70') in 0.017690 seconds 
  Import took 0.021128 seconds .

========================================================================
Received Import Request.
  Time since last request: 1971.006423 seconds.
  path: Assets/Prefabs/Engine Prefabs
  artifactKey: Guid(e3d970d3835f2194db268506d81e6bec) Importer(815301076,1909f56bfc062723c751e8b465ee728b)
Start importing Assets/Prefabs/Engine Prefabs using Guid(e3d970d3835f2194db268506d81e6bec) Importer(815301076,1909f56bfc062723c751e8b465ee728b)  -> (artifact id: '8afb041dde8a177dcbde3bde6dca71b7') in 0.005027 seconds 
  Import took 0.010547 seconds .

========================================================================
Received Import Request.
  Time since last request: 11.840436 seconds.
  path: Assets/Prefabs/Engine Prefabs/Crankshaft_Pistons.prefab
  artifactKey: Guid(45507b03db05d534ea3f57ec08687dee) Importer(815301076,1909f56bfc062723c751e8b465ee728b)
Start importing Assets/Prefabs/Engine Prefabs/Crankshaft_Pistons.prefab using Guid(45507b03db05d534ea3f57ec08687dee) Importer(815301076,1909f56bfc062723c751e8b465ee728b)  -> (artifact id: 'd504003cb5ebd58beb43b4508a501c20') in 0.055568 seconds 
  Import took 0.058338 seconds .

========================================================================
Received Import Request.
  Time since last request: 20.690648 seconds.
  path: Assets/Prefabs/Engine Prefabs/ZenvoST1Wheel.prefab
  artifactKey: Guid(a22126b987ae2804287544893ff897d7) Importer(815301076,1909f56bfc062723c751e8b465ee728b)
Start importing Assets/Prefabs/Engine Prefabs/ZenvoST1Wheel.prefab using Guid(a22126b987ae2804287544893ff897d7) Importer(815301076,1909f56bfc062723c751e8b465ee728b)  -> (artifact id: '79647d96431ccd0bef200581ea33a3c1') in 0.008421 seconds 
  Import took 0.011028 seconds .

========================================================================
Received Import Request.
  Time since last request: 55.352180 seconds.
  path: Assets/Prefabs/Engine Prefabs/Crankshaft_Pistons.prefab
  artifactKey: Guid(6a65e49659846de4eb9191f6fe69d4bb) Importer(815301076,1909f56bfc062723c751e8b465ee728b)
Start importing Assets/Prefabs/Engine Prefabs/Crankshaft_Pistons.prefab using Guid(6a65e49659846de4eb9191f6fe69d4bb) Importer(815301076,1909f56bfc062723c751e8b465ee728b)  -> (artifact id: '477cfa3c9c8cdb2fbd80f7f2dbc26c8b') in 0.005429 seconds 
  Import took 0.007948 seconds .

========================================================================
Received Import Request.
  Time since last request: 1.921591 seconds.
  path: Assets/Prefabs/Engine Prefabs/Engine.prefab
  artifactKey: Guid(9515a72ce77e53a44853ad2558647601) Importer(815301076,1909f56bfc062723c751e8b465ee728b)
Start importing Assets/Prefabs/Engine Prefabs/Engine.prefab using Guid(9515a72ce77e53a44853ad2558647601) Importer(815301076,1909f56bfc062723c751e8b465ee728b)  -> (artifact id: 'b4ae8b887ed4f3fbcf3e9afc077592f1') in 0.010095 seconds 
  Import took 0.012592 seconds .

========================================================================
Received Import Request.
  Time since last request: 4.135240 seconds.
  path: Assets/Prefabs/Engine Prefabs/suspension.prefab
  artifactKey: Guid(fff3604d7e8ec954786f68908f0360ff) Importer(815301076,1909f56bfc062723c751e8b465ee728b)
Start importing Assets/Prefabs/Engine Prefabs/suspension.prefab using Guid(fff3604d7e8ec954786f68908f0360ff) Importer(815301076,1909f56bfc062723c751e8b465ee728b)  -> (artifact id: '963cb13bcabeb82b3f894459e06b63c3') in 0.007807 seconds 
  Import took 0.010184 seconds .

========================================================================
Received Import Request.
  Time since last request: 0.627661 seconds.
  path: Assets/Prefabs/Engine Prefabs/wheel1.prefab
  artifactKey: Guid(d088ae526ced08641a492c59c751faf7) Importer(815301076,1909f56bfc062723c751e8b465ee728b)
Start importing Assets/Prefabs/Engine Prefabs/wheel1.prefab using Guid(d088ae526ced08641a492c59c751faf7) Importer(815301076,1909f56bfc062723c751e8b465ee728b)  -> (artifact id: 'af0e85838d329fe31f40b400597ca7ed') in 0.008425 seconds 
  Import took 0.011266 seconds .

========================================================================
Received Import Request.
  Time since last request: 0.578529 seconds.
  path: Assets/Prefabs/Engine Prefabs/ZenvoST1Wheel.prefab
  artifactKey: Guid(6aed2e27de8d7494d809e926041b7c12) Importer(815301076,1909f56bfc062723c751e8b465ee728b)
Start importing Assets/Prefabs/Engine Prefabs/ZenvoST1Wheel.prefab using Guid(6aed2e27de8d7494d809e926041b7c12) Importer(815301076,1909f56bfc062723c751e8b465ee728b)  -> (artifact id: 'c7e058c2a94077fcccb33dbf8962db37') in 0.005863 seconds 
  Import took 0.009907 seconds .

========================================================================
Received Import Request.
  Time since last request: 68.620395 seconds.
  path: Assets/Art Assets/Crankshaft_Pistons.fbx
  artifactKey: Guid(66d4938df89449b438f55eb5f997404c) Importer(815301076,1909f56bfc062723c751e8b465ee728b)
Start importing Assets/Art Assets/Crankshaft_Pistons.fbx using Guid(66d4938df89449b438f55eb5f997404c) Importer(815301076,1909f56bfc062723c751e8b465ee728b)  -> (artifact id: 'd1ec78cb882346881ffba68e27c1a7da') in 0.240045 seconds 
  Import took 0.242602 seconds .

========================================================================
Received Import Request.
  Time since last request: 22.249654 seconds.
  path: Assets/Art Assets/Engine.fbx
  artifactKey: Guid(ce0227fc7d5876d44bd02765b058880a) Importer(815301076,1909f56bfc062723c751e8b465ee728b)
Start importing Assets/Art Assets/Engine.fbx using Guid(ce0227fc7d5876d44bd02765b058880a) Importer(815301076,1909f56bfc062723c751e8b465ee728b)  -> (artifact id: 'c8be17b4e51d7b3e2abc0911f4b4ea7e') in 0.179198 seconds 
  Import took 0.182145 seconds .

========================================================================
Received Import Request.
  Time since last request: 202.782091 seconds.
  path: Assets/Car Objects
  artifactKey: Guid(74c925c37d4c29244ae1798388a65197) Importer(815301076,1909f56bfc062723c751e8b465ee728b)
Start importing Assets/Car Objects using Guid(74c925c37d4c29244ae1798388a65197) Importer(815301076,1909f56bfc062723c751e8b465ee728b)  -> (artifact id: '3bd9824274b8d3286de57484e165fb1a') in 0.004957 seconds 
  Import took 0.008156 seconds .

========================================================================
Received Import Request.
  Time since last request: 170.509574 seconds.
  path: Assets/Prefabs/AR Scene Prefabs
  artifactKey: Guid(3ee78616a93c88043ac0ae3138b3d5b2) Importer(815301076,1909f56bfc062723c751e8b465ee728b)
Start importing Assets/Prefabs/AR Scene Prefabs using Guid(3ee78616a93c88043ac0ae3138b3d5b2) Importer(815301076,1909f56bfc062723c751e8b465ee728b)  -> (artifact id: '549ea7a8c4f4e64d1759673f13983717') in 0.004987 seconds 
  Import took 0.007488 seconds .

========================================================================
Received Import Request.
  Time since last request: 7.687633 seconds.
  path: Assets/Prefabs/Highway_simplified_3d_mesh.prefab
  artifactKey: Guid(db6f68c8cfbd68a44a6d122a9d61ec02) Importer(815301076,1909f56bfc062723c751e8b465ee728b)
Start importing Assets/Prefabs/Highway_simplified_3d_mesh.prefab using Guid(db6f68c8cfbd68a44a6d122a9d61ec02) Importer(815301076,1909f56bfc062723c751e8b465ee728b)  -> (artifact id: '6ecfeeb9e3029cb244ec9496dfc5cc2d') in 0.083683 seconds 
  Import took 0.088334 seconds .

========================================================================
Received Import Request.
  Time since last request: 189.042878 seconds.
  path: Assets/Highway Mats
  artifactKey: Guid(3480ca0e16e6a184abd3309191dee732) Importer(815301076,1909f56bfc062723c751e8b465ee728b)
Start importing Assets/Highway Mats using Guid(3480ca0e16e6a184abd3309191dee732) Importer(815301076,1909f56bfc062723c751e8b465ee728b)  -> (artifact id: 'd0f3d5f49b4a5559bdd298ef6cf72279') in 0.001432 seconds 
  Import took 0.004714 seconds .

========================================================================
Received Import Request.
  Time since last request: 0.458897 seconds.
  path: Assets/Highway_simplified_3d_mesh.fbm
  artifactKey: Guid(622b92931aaff7c4aa8d73ab02ac3f0a) Importer(815301076,1909f56bfc062723c751e8b465ee728b)
Start importing Assets/Highway_simplified_3d_mesh.fbm using Guid(622b92931aaff7c4aa8d73ab02ac3f0a) Importer(815301076,1909f56bfc062723c751e8b465ee728b)  -> (artifact id: '0493cdb5e694ce57824c5d69b4680eda') in 0.001685 seconds 
  Import took 0.004188 seconds .

========================================================================
Received Import Request.
  Time since last request: 4.261979 seconds.
  path: Assets/Images
  artifactKey: Guid(6fbcb578a5792e643968e0fa05420c06) Importer(815301076,1909f56bfc062723c751e8b465ee728b)
Start importing Assets/Images using Guid(6fbcb578a5792e643968e0fa05420c06) Importer(815301076,1909f56bfc062723c751e8b465ee728b)  -> (artifact id: '0bd2dfee7315e62ca92e11a72c3a745a') in 0.001534 seconds 
  Import took 0.004684 seconds .

========================================================================
Received Import Request.
  Time since last request: 0.912404 seconds.
  path: Assets/Images/Image_A.jpg
  artifactKey: Guid(6cc1a88a53a8ac04d8a1749faa395168) Importer(815301076,1909f56bfc062723c751e8b465ee728b)
Start importing Assets/Images/Image_A.jpg using Guid(6cc1a88a53a8ac04d8a1749faa395168) Importer(815301076,1909f56bfc062723c751e8b465ee728b)  -> (artifact id: '0a1b4b6f0a3d4315d2614eb7b63446be') in 0.077153 seconds 
  Import took 0.079637 seconds .

========================================================================
Received Import Request.
  Time since last request: 6.887082 seconds.
  path: Assets/Maps
  artifactKey: Guid(8aa899d5feec8d5418bac9a0c4e8928b) Importer(815301076,1909f56bfc062723c751e8b465ee728b)
Start importing Assets/Maps using Guid(8aa899d5feec8d5418bac9a0c4e8928b) Importer(815301076,1909f56bfc062723c751e8b465ee728b)  -> (artifact id: '66cbc0e9596ac3f376b7efee812508c7') in 0.004552 seconds 
  Import took 0.006999 seconds .

========================================================================
Received Import Request.
  Time since last request: 24.398877 seconds.
  path: Assets/Prefabs/Engine Prefabs
  artifactKey: Guid(e86a9a9bdb11d294fbfd35674f4a25b0) Importer(815301076,1909f56bfc062723c751e8b465ee728b)
Start importing Assets/Prefabs/Engine Prefabs using Guid(e86a9a9bdb11d294fbfd35674f4a25b0) Importer(815301076,1909f56bfc062723c751e8b465ee728b)  -> (artifact id: '17881b72c5f97b263037a524bc9685b9') in 0.001310 seconds 
  Import took 0.004544 seconds .

========================================================================
Received Import Request.
  Time since last request: 29.909197 seconds.
  path: Assets/Materials
  artifactKey: Guid(01a537a5743feb348bdaea35e3732345) Importer(815301076,1909f56bfc062723c751e8b465ee728b)
Start importing Assets/Materials using Guid(01a537a5743feb348bdaea35e3732345) Importer(815301076,1909f56bfc062723c751e8b465ee728b)  -> (artifact id: 'fda54b2c65fd244297a6dee6d9498587') in 0.001389 seconds 
  Import took 0.003911 seconds .

========================================================================
Received Import Request.
  Time since last request: 498.013758 seconds.
  path: Assets/Prefabs/Engine Prefabs/Crankshaft_Pistons.prefab
  artifactKey: Guid(6a65e49659846de4eb9191f6fe69d4bb) Importer(815301076,1909f56bfc062723c751e8b465ee728b)
Start importing Assets/Prefabs/Engine Prefabs/Crankshaft_Pistons.prefab using Guid(6a65e49659846de4eb9191f6fe69d4bb) Importer(815301076,1909f56bfc062723c751e8b465ee728b)  -> (artifact id: 'b0aea2c19b2e9b72fdef052efbb703dc') in 0.023420 seconds 
  Import took 0.026520 seconds .

========================================================================
Received Import Request.
  Time since last request: 127.956994 seconds.
  path: Assets/Prefabs/Engine Prefabs/suspension.prefab
  artifactKey: Guid(fff3604d7e8ec954786f68908f0360ff) Importer(815301076,1909f56bfc062723c751e8b465ee728b)
Start importing Assets/Prefabs/Engine Prefabs/suspension.prefab using Guid(fff3604d7e8ec954786f68908f0360ff) Importer(815301076,1909f56bfc062723c751e8b465ee728b)  -> (artifact id: '20e1faa0d3cbe2ba5b57e90f960ebbfc') in 0.025525 seconds 
  Import took 0.028137 seconds .

========================================================================
Received Prepare
Refreshing native plugins compatible for Editor in 2.06 ms, found 2 plugins.
Preloading 0 native plugins for Editor in 0.00 ms.
Unloading 12 Unused Serialized files (Serialized files now loaded: 0)
System memory in use before: 46.0 MB.
System memory in use after: 46.2 MB.

Unloading 13 unused Assets to reduce memory usage. Loaded Objects now: 2312.
Total: 4.945400 ms (FindLiveObjects: 0.304900 ms CreateObjectMapping: 0.101400 ms MarkObjects: 4.516300 ms  DeleteObjects: 0.021300 ms)

AssetImportParameters requested are different than current active one (requested -> active):
  custom:framework-win-MediaFoundation: 216162199b28c13a410421893ffa2e32 -> 
  custom:video-decoder-ogg-theora: a1e56fd34408186e4bbccfd4996cb3dc -> 
  custom:container-muxer-webm: aa71ff27fc2769a1b78a27578f13a17b -> 
  custom:container-demuxer-webm: 4f35f7cbe854078d1ac9338744f61a02 -> 
  custom:container-demuxer-ogg: 62fdf1f143b41e24485cea50d1cbac27 -> 
  custom:video-encoder-webm-vp8: eb34c28f22e8b96e1ab97ce403110664 -> 
  custom:video-codec-MediaFoundation-h265: 746d11721c4dcdbdad8f713fa42b33f4 -> 
  custom:video-decoder-webm-vp8: 9c59270c3fd7afecdb556c50c9e8de78 -> 
  custom:audio-decoder-ogg-vorbis: bf7c407c2cedff20999df2af8eb42d56 -> 
  custom:audio-encoder-webm-vorbis: bf7c407c2cedff20999df2af8eb42d56 -> 
AssetImportWorkerClient::OnTransportError - code=2 error=End of file
